2025-07-02T20:46:58,821 Using pip 24.0 from C:\Users\User\AppData\Local\Programs\Python\Python311\Lib\site-packages\pip (python 3.11)
2025-07-02T20:46:58,821 Non-user install because site-packages writeable
2025-07-02T20:46:58,922 Created temporary directory: C:\Users\User\AppData\Local\Temp\pip-build-tracker-iid6h1nt
2025-07-02T20:46:58,922 Initialized build tracking at C:\Users\User\AppData\Local\Temp\pip-build-tracker-iid6h1nt
2025-07-02T20:46:58,922 Created build tracker: C:\Users\User\AppData\Local\Temp\pip-build-tracker-iid6h1nt
2025-07-02T20:46:58,922 Entered build tracker: C:\Users\User\AppData\Local\Temp\pip-build-tracker-iid6h1nt
2025-07-02T20:46:58,922 Created temporary directory: C:\Users\User\AppData\Local\Temp\pip-install-lq9bvvul
2025-07-02T20:46:58,937 Created temporary directory: C:\Users\User\AppData\Local\Temp\pip-ephem-wheel-cache-ea7lk1ag
2025-07-02T20:46:58,969 Requirement already satisfied: flake8 in c:\users\user\appdata\local\programs\python\python311\lib\site-packages (from -r requirement.txt (line 1)) (7.3.0)
2025-07-02T20:46:58,969 Requirement already satisfied: flake8-bandit in c:\users\user\appdata\local\programs\python\python311\lib\site-packages (from -r requirement.txt (line 2)) (4.1.1)
2025-07-02T20:46:58,969 Requirement already satisfied: flake8-bugbear in c:\users\user\appdata\local\programs\python\python311\lib\site-packages (from -r requirement.txt (line 3)) (24.12.12)
2025-07-02T20:46:58,984 Requirement already satisfied: flake8-builtins in c:\users\user\appdata\local\programs\python\python311\lib\site-packages (from -r requirement.txt (line 4)) (2.5.0)
2025-07-02T20:46:58,984 Requirement already satisfied: flake8-comprehensions in c:\users\user\appdata\local\programs\python\python311\lib\site-packages (from -r requirement.txt (line 5)) (3.16.0)
2025-07-02T20:46:58,984 Requirement already satisfied: flake8-docstrings in c:\users\user\appdata\local\programs\python\python311\lib\site-packages (from -r requirement.txt (line 6)) (1.7.0)
2025-07-02T20:46:58,984 Requirement already satisfied: flake8-eradicate in c:\users\user\appdata\local\programs\python\python311\lib\site-packages (from -r requirement.txt (line 7)) (1.5.0)
2025-07-02T20:46:58,984 Requirement already satisfied: flake8-expression-complexity in c:\users\user\appdata\local\programs\python\python311\lib\site-packages (from -r requirement.txt (line 8)) (0.0.11)
2025-07-02T20:46:59,000 Requirement already satisfied: flake8-isort in c:\users\user\appdata\local\programs\python\python311\lib\site-packages (from -r requirement.txt (line 9)) (6.1.2)
2025-07-02T20:46:59,000 Requirement already satisfied: flake8-plugin-utils in c:\users\user\appdata\local\programs\python\python311\lib\site-packages (from -r requirement.txt (line 10)) (1.3.3)
2025-07-02T20:46:59,006 Requirement already satisfied: flake8-polyfill in c:\users\user\appdata\local\programs\python\python311\lib\site-packages (from -r requirement.txt (line 11)) (1.0.2)
2025-07-02T20:46:59,006 Requirement already satisfied: flake8-print in c:\users\user\appdata\local\programs\python\python311\lib\site-packages (from -r requirement.txt (line 12)) (5.0.0)
2025-07-02T20:46:59,006 Requirement already satisfied: flake8-pytest-style in c:\users\user\appdata\local\programs\python\python311\lib\site-packages (from -r requirement.txt (line 13)) (2.1.0)
2025-07-02T20:46:59,006 Requirement already satisfied: flake8-requirements in c:\users\user\appdata\local\programs\python\python311\lib\site-packages (from -r requirement.txt (line 14)) (2.2.1)
2025-07-02T20:46:59,022 Requirement already satisfied: flake8-return in c:\users\user\appdata\local\programs\python\python311\lib\site-packages (from -r requirement.txt (line 15)) (1.2.0)
2025-07-02T20:46:59,022 Requirement already satisfied: mccabe<0.8.0,>=0.7.0 in c:\users\user\appdata\local\programs\python\python311\lib\site-packages (from flake8->-r requirement.txt (line 1)) (0.7.0)
2025-07-02T20:46:59,022 Requirement already satisfied: pycodestyle<2.15.0,>=2.14.0 in c:\users\user\appdata\local\programs\python\python311\lib\site-packages (from flake8->-r requirement.txt (line 1)) (2.14.0)
2025-07-02T20:46:59,022 Requirement already satisfied: pyflakes<3.5.0,>=3.4.0 in c:\users\user\appdata\local\programs\python\python311\lib\site-packages (from flake8->-r requirement.txt (line 1)) (3.4.0)
2025-07-02T20:46:59,038 Requirement already satisfied: bandit>=1.7.3 in c:\users\user\appdata\local\programs\python\python311\lib\site-packages (from flake8-bandit->-r requirement.txt (line 2)) (1.8.5)
2025-07-02T20:46:59,038 Requirement already satisfied: attrs>=22.2.0 in c:\users\user\appdata\local\programs\python\python311\lib\site-packages (from flake8-bugbear->-r requirement.txt (line 3)) (25.3.0)
2025-07-02T20:46:59,053 Requirement already satisfied: pydocstyle>=2.1 in c:\users\user\appdata\local\programs\python\python311\lib\site-packages (from flake8-docstrings->-r requirement.txt (line 6)) (6.3.0)
2025-07-02T20:46:59,053 Requirement already satisfied: eradicate<3.0,>=2.0 in c:\users\user\appdata\local\programs\python\python311\lib\site-packages (from flake8-eradicate->-r requirement.txt (line 7)) (2.3.0)
2025-07-02T20:46:59,069 Requirement already satisfied: astpretty in c:\users\user\appdata\local\programs\python\python311\lib\site-packages (from flake8-expression-complexity->-r requirement.txt (line 8)) (3.0.0)
2025-07-02T20:46:59,069 Requirement already satisfied: isort<7,>=5.0.0 in c:\users\user\appdata\local\programs\python\python311\lib\site-packages (from flake8-isort->-r requirement.txt (line 9)) (6.0.1)
2025-07-02T20:46:59,100 Requirement already satisfied: setuptools>=10.0.0 in c:\users\user\appdata\local\programs\python\python311\lib\site-packages (from flake8-requirements->-r requirement.txt (line 14)) (65.5.0)
2025-07-02T20:46:59,153 Requirement already satisfied: PyYAML>=5.3.1 in c:\users\user\appdata\local\programs\python\python311\lib\site-packages (from bandit>=1.7.3->flake8-bandit->-r requirement.txt (line 2)) (6.0.2)
2025-07-02T20:46:59,153 Requirement already satisfied: stevedore>=1.20.0 in c:\users\user\appdata\local\programs\python\python311\lib\site-packages (from bandit>=1.7.3->flake8-bandit->-r requirement.txt (line 2)) (5.4.1)
2025-07-02T20:46:59,153 Requirement already satisfied: rich in c:\users\user\appdata\local\programs\python\python311\lib\site-packages (from bandit>=1.7.3->flake8-bandit->-r requirement.txt (line 2)) (14.0.0)
2025-07-02T20:46:59,170 Requirement already satisfied: colorama>=0.3.9 in c:\users\user\appdata\local\programs\python\python311\lib\site-packages (from bandit>=1.7.3->flake8-bandit->-r requirement.txt (line 2)) (0.4.6)
2025-07-02T20:46:59,185 Requirement already satisfied: snowballstemmer>=2.2.0 in c:\users\user\appdata\local\programs\python\python311\lib\site-packages (from pydocstyle>=2.1->flake8-docstrings->-r requirement.txt (line 6)) (3.0.1)
2025-07-02T20:46:59,222 Requirement already satisfied: pbr>=2.0.0 in c:\users\user\appdata\local\programs\python\python311\lib\site-packages (from stevedore>=1.20.0->bandit>=1.7.3->flake8-bandit->-r requirement.txt (line 2)) (6.1.1)
2025-07-02T20:46:59,254 Requirement already satisfied: markdown-it-py>=2.2.0 in c:\users\user\appdata\local\programs\python\python311\lib\site-packages (from rich->bandit>=1.7.3->flake8-bandit->-r requirement.txt (line 2)) (3.0.0)
2025-07-02T20:46:59,254 Requirement already satisfied: pygments<3.0.0,>=2.13.0 in c:\users\user\appdata\local\programs\python\python311\lib\site-packages (from rich->bandit>=1.7.3->flake8-bandit->-r requirement.txt (line 2)) (2.19.2)
2025-07-02T20:46:59,285 Requirement already satisfied: mdurl~=0.1 in c:\users\user\appdata\local\programs\python\python311\lib\site-packages (from markdown-it-py>=2.2.0->rich->bandit>=1.7.3->flake8-bandit->-r requirement.txt (line 2)) (0.1.2)
2025-07-02T20:46:59,301 Created temporary directory: C:\Users\User\AppData\Local\Temp\pip-unpack-1t908wmw
2025-07-02T20:46:59,486 Remote version of pip: 25.1.1
2025-07-02T20:46:59,486 Local version of pip:  24.0
2025-07-02T20:46:59,508 Was pip installed by pip? True
2025-07-02T20:46:59,508 WARNING: UpgradePrompt(old='24.0', new='25.1.1')
2025-07-02T20:46:59,523 Removed build tracker: 'C:\\Users\\User\\AppData\\Local\\Temp\\pip-build-tracker-iid6h1nt'
2025-07-02T21:03:12,429 Using pip 24.0 from C:\Users\User\AppData\Local\Programs\Python\Python311\Lib\site-packages\pip (python 3.11)
2025-07-02T21:03:12,530 Non-user install because site-packages writeable
2025-07-02T21:03:12,662 Created temporary directory: C:\Users\User\AppData\Local\Temp\pip-build-tracker-wqh47y16
2025-07-02T21:03:12,662 Initialized build tracking at C:\Users\User\AppData\Local\Temp\pip-build-tracker-wqh47y16
2025-07-02T21:03:12,662 Created build tracker: C:\Users\User\AppData\Local\Temp\pip-build-tracker-wqh47y16
2025-07-02T21:03:12,662 Entered build tracker: C:\Users\User\AppData\Local\Temp\pip-build-tracker-wqh47y16
2025-07-02T21:03:12,662 Created temporary directory: C:\Users\User\AppData\Local\Temp\pip-install-9dbbtu1j
2025-07-02T21:03:12,677 Created temporary directory: C:\Users\User\AppData\Local\Temp\pip-ephem-wheel-cache-bcl4e2o_
2025-07-02T21:03:12,724 Requirement already satisfied: flake8 in c:\users\user\appdata\local\programs\python\python311\lib\site-packages (from -r requirement.txt (line 1)) (7.3.0)
2025-07-02T21:03:12,724 Requirement already satisfied: flake8-bandit in c:\users\user\appdata\local\programs\python\python311\lib\site-packages (from -r requirement.txt (line 2)) (4.1.1)
2025-07-02T21:03:12,731 Requirement already satisfied: flake8-bugbear in c:\users\user\appdata\local\programs\python\python311\lib\site-packages (from -r requirement.txt (line 3)) (24.12.12)
2025-07-02T21:03:12,731 Requirement already satisfied: flake8-builtins in c:\users\user\appdata\local\programs\python\python311\lib\site-packages (from -r requirement.txt (line 4)) (2.5.0)
2025-07-02T21:03:12,731 Requirement already satisfied: flake8-comprehensions in c:\users\user\appdata\local\programs\python\python311\lib\site-packages (from -r requirement.txt (line 5)) (3.16.0)
2025-07-02T21:03:12,731 Requirement already satisfied: flake8-docstrings in c:\users\user\appdata\local\programs\python\python311\lib\site-packages (from -r requirement.txt (line 6)) (1.7.0)
2025-07-02T21:03:12,731 Requirement already satisfied: flake8-eradicate in c:\users\user\appdata\local\programs\python\python311\lib\site-packages (from -r requirement.txt (line 7)) (1.5.0)
2025-07-02T21:03:12,746 Requirement already satisfied: flake8-expression-complexity in c:\users\user\appdata\local\programs\python\python311\lib\site-packages (from -r requirement.txt (line 8)) (0.0.11)
2025-07-02T21:03:12,746 Requirement already satisfied: flake8-isort in c:\users\user\appdata\local\programs\python\python311\lib\site-packages (from -r requirement.txt (line 9)) (6.1.2)
2025-07-02T21:03:12,746 Requirement already satisfied: flake8-plugin-utils in c:\users\user\appdata\local\programs\python\python311\lib\site-packages (from -r requirement.txt (line 10)) (1.3.3)
2025-07-02T21:03:12,746 Requirement already satisfied: flake8-polyfill in c:\users\user\appdata\local\programs\python\python311\lib\site-packages (from -r requirement.txt (line 11)) (1.0.2)
2025-07-02T21:03:12,762 Requirement already satisfied: flake8-print in c:\users\user\appdata\local\programs\python\python311\lib\site-packages (from -r requirement.txt (line 12)) (5.0.0)
2025-07-02T21:03:12,762 Requirement already satisfied: flake8-pytest-style in c:\users\user\appdata\local\programs\python\python311\lib\site-packages (from -r requirement.txt (line 13)) (2.1.0)
2025-07-02T21:03:12,762 Requirement already satisfied: flake8-requirements in c:\users\user\appdata\local\programs\python\python311\lib\site-packages (from -r requirement.txt (line 14)) (2.2.1)
2025-07-02T21:03:12,762 Requirement already satisfied: flake8-return in c:\users\user\appdata\local\programs\python\python311\lib\site-packages (from -r requirement.txt (line 15)) (1.2.0)
2025-07-02T21:03:12,778 Requirement already satisfied: mccabe<0.8.0,>=0.7.0 in c:\users\user\appdata\local\programs\python\python311\lib\site-packages (from flake8->-r requirement.txt (line 1)) (0.7.0)
2025-07-02T21:03:12,778 Requirement already satisfied: pycodestyle<2.15.0,>=2.14.0 in c:\users\user\appdata\local\programs\python\python311\lib\site-packages (from flake8->-r requirement.txt (line 1)) (2.14.0)
2025-07-02T21:03:12,778 Requirement already satisfied: pyflakes<3.5.0,>=3.4.0 in c:\users\user\appdata\local\programs\python\python311\lib\site-packages (from flake8->-r requirement.txt (line 1)) (3.4.0)
2025-07-02T21:03:12,778 Requirement already satisfied: bandit>=1.7.3 in c:\users\user\appdata\local\programs\python\python311\lib\site-packages (from flake8-bandit->-r requirement.txt (line 2)) (1.8.5)
2025-07-02T21:03:12,793 Requirement already satisfied: attrs>=22.2.0 in c:\users\user\appdata\local\programs\python\python311\lib\site-packages (from flake8-bugbear->-r requirement.txt (line 3)) (25.3.0)
2025-07-02T21:03:12,809 Requirement already satisfied: pydocstyle>=2.1 in c:\users\user\appdata\local\programs\python\python311\lib\site-packages (from flake8-docstrings->-r requirement.txt (line 6)) (6.3.0)
2025-07-02T21:03:12,809 Requirement already satisfied: eradicate<3.0,>=2.0 in c:\users\user\appdata\local\programs\python\python311\lib\site-packages (from flake8-eradicate->-r requirement.txt (line 7)) (2.3.0)
2025-07-02T21:03:12,824 Requirement already satisfied: astpretty in c:\users\user\appdata\local\programs\python\python311\lib\site-packages (from flake8-expression-complexity->-r requirement.txt (line 8)) (3.0.0)
2025-07-02T21:03:12,831 Requirement already satisfied: isort<7,>=5.0.0 in c:\users\user\appdata\local\programs\python\python311\lib\site-packages (from flake8-isort->-r requirement.txt (line 9)) (6.0.1)
2025-07-02T21:03:12,846 Requirement already satisfied: setuptools>=10.0.0 in c:\users\user\appdata\local\programs\python\python311\lib\site-packages (from flake8-requirements->-r requirement.txt (line 14)) (65.5.0)
2025-07-02T21:03:12,893 Requirement already satisfied: PyYAML>=5.3.1 in c:\users\user\appdata\local\programs\python\python311\lib\site-packages (from bandit>=1.7.3->flake8-bandit->-r requirement.txt (line 2)) (6.0.2)
2025-07-02T21:03:12,909 Requirement already satisfied: stevedore>=1.20.0 in c:\users\user\appdata\local\programs\python\python311\lib\site-packages (from bandit>=1.7.3->flake8-bandit->-r requirement.txt (line 2)) (5.4.1)
2025-07-02T21:03:12,909 Requirement already satisfied: rich in c:\users\user\appdata\local\programs\python\python311\lib\site-packages (from bandit>=1.7.3->flake8-bandit->-r requirement.txt (line 2)) (14.0.0)
2025-07-02T21:03:12,909 Requirement already satisfied: colorama>=0.3.9 in c:\users\user\appdata\local\programs\python\python311\lib\site-packages (from bandit>=1.7.3->flake8-bandit->-r requirement.txt (line 2)) (0.4.6)
2025-07-02T21:03:12,931 Requirement already satisfied: snowballstemmer>=2.2.0 in c:\users\user\appdata\local\programs\python\python311\lib\site-packages (from pydocstyle>=2.1->flake8-docstrings->-r requirement.txt (line 6)) (3.0.1)
2025-07-02T21:03:12,978 Requirement already satisfied: pbr>=2.0.0 in c:\users\user\appdata\local\programs\python\python311\lib\site-packages (from stevedore>=1.20.0->bandit>=1.7.3->flake8-bandit->-r requirement.txt (line 2)) (6.1.1)
2025-07-02T21:03:12,978 Requirement already satisfied: markdown-it-py>=2.2.0 in c:\users\user\appdata\local\programs\python\python311\lib\site-packages (from rich->bandit>=1.7.3->flake8-bandit->-r requirement.txt (line 2)) (3.0.0)
2025-07-02T21:03:12,994 Requirement already satisfied: pygments<3.0.0,>=2.13.0 in c:\users\user\appdata\local\programs\python\python311\lib\site-packages (from rich->bandit>=1.7.3->flake8-bandit->-r requirement.txt (line 2)) (2.19.2)
2025-07-02T21:03:13,009 Requirement already satisfied: mdurl~=0.1 in c:\users\user\appdata\local\programs\python\python311\lib\site-packages (from markdown-it-py>=2.2.0->rich->bandit>=1.7.3->flake8-bandit->-r requirement.txt (line 2)) (0.1.2)
2025-07-02T21:03:13,025 Created temporary directory: C:\Users\User\AppData\Local\Temp\pip-unpack-dh6wv4re
2025-07-02T21:03:13,244 Remote version of pip: 25.1.1
2025-07-02T21:03:13,244 Local version of pip:  24.0
2025-07-02T21:03:13,255 Was pip installed by pip? True
2025-07-02T21:03:13,255 WARNING: UpgradePrompt(old='24.0', new='25.1.1')
2025-07-02T21:03:13,265 Removed build tracker: 'C:\\Users\\User\\AppData\\Local\\Temp\\pip-build-tracker-wqh47y16'
